<?xml version="1.0" encoding="UTF-8"?>
<!-- Generated by org.testng.reporters.JUnitReportReporter -->
<testsuite ignored="0" hostname="matas.local" failures="0" tests="1" name="Test.FirstClickNextTest" time="3.753" errors="0" timestamp="22 Aug 2022 22:20:44 GMT" skipped="0">
  <testcase classname="Test.FirstClickNextTest" name="homepagetest" time="3.753"/>
</testsuite> <!-- Test.FirstClickNextTest -->
