<?xml version="1.0" encoding="UTF-8"?>
<!-- Generated by org.testng.reporters.JUnitReportReporter -->
<testsuite hostname="matas.lan" failures="0" tests="1" name="Test.CreateGmailAccountTest" time="14.606" errors="0" timestamp="2023-03-23T13:34:19 PDT" skipped="0">
  <testcase classname="Test.CreateGmailAccountTest" name="creategmailaccounttest" time="14.606"/>
  <system-out/>
</testsuite> <!-- Test.CreateGmailAccountTest -->
